<?xml version="1.0" encoding="UTF-8"?>
<testng-results skipped="0" failed="0" total="1" passed="1">
  <reporter-output>
  </reporter-output>
  <suite name="com.maven.me.helloTest" duration-ms="12114" started-at="2016-04-03T11:13:12Z" finished-at="2016-04-03T11:13:24Z">
    <groups>
    </groups>
    <test name="Command line test" duration-ms="12114" started-at="2016-04-03T11:13:12Z" finished-at="2016-04-03T11:13:24Z">
      <class name="com.maven.me.helloTest">
        <test-method status="PASS" signature="me()[pri:0, instance:com.maven.me.helloTest@51a0d6c9]" name="me" duration-ms="12105" started-at="2016-04-03T06:13:12Z" finished-at="2016-04-03T06:13:24Z">
          <reporter-output>
          </reporter-output>
        </test-method> <!-- me -->
      </class> <!-- com.maven.me.helloTest -->
    </test> <!-- Command line test -->
  </suite> <!-- com.maven.me.helloTest -->
</testng-results>
